build/app/intermediates/manifest_merge_blame_file/release/manifest-merger-blame-release-report.txt
1<?xml version="1.0" encoding="utf-8"?>
2<manifest xmlns:android="http://schemas.android.com/apk/res/android"
3    package="com.demo.accountingapp"
4    android:versionCode="13"
5    android:versionName="2.0.0" >
6
7    <uses-sdk
8        android:minSdkVersion="19"
8-->src\main\AndroidManifest.xml
9        android:targetSdkVersion="30" />
9-->src\main\AndroidManifest.xml
10
11    <uses-permission android:name="android.permission.INTERNET" />
11-->src\main\AndroidManifest.xml:4:6-67
11-->src\main\AndroidManifest.xml:4:23-65
12    <uses-permission android:name="android.permission.ACCESS_NETWORK_STATE" />
12-->src\main\AndroidManifest.xml:5:5-78
12-->src\main\AndroidManifest.xml:5:22-76
13    <uses-permission android:name="android.permission.CAMERA" />
13-->src\main\AndroidManifest.xml:6:5-65
13-->src\main\AndroidManifest.xml:6:22-62
14    <uses-permission android:name="android.permission.WRITE_EXTERNAL_STORAGE" />
14-->src\main\AndroidManifest.xml:7:7-83
14-->src\main\AndroidManifest.xml:7:24-80
15    <uses-permission android:name="android.permission.READ_EXTERNAL_STORAGE" />
15-->src\main\AndroidManifest.xml:8:5-80
15-->src\main\AndroidManifest.xml:8:22-77
16    <uses-permission android:name="android.permission.READ_CONTACTS" />
16-->src\main\AndroidManifest.xml:9:5-71
16-->src\main\AndroidManifest.xml:9:22-69
17    <uses-permission android:name="android.permission.WRITE_CONTACTS" />
17-->src\main\AndroidManifest.xml:10:5-72
17-->src\main\AndroidManifest.xml:10:22-70
18    <uses-permission android:name="android.permission.USE_FINGERPRINT" />
18-->src\main\AndroidManifest.xml:11:5-73
18-->src\main\AndroidManifest.xml:11:22-71
19    <uses-permission android:name="android.permission.RECEIVE_BOOT_COMPLETED" />
19-->src\main\AndroidManifest.xml:12:5-80
19-->src\main\AndroidManifest.xml:12:22-78
20    <uses-permission android:name="android.permission.VIBRATE" />
20-->src\main\AndroidManifest.xml:13:5-66
20-->src\main\AndroidManifest.xml:13:22-63
21    <uses-permission android:name="android.permission.USE_FULL_SCREEN_INTENT" />
21-->[:flutter_local_notifications] AndroidManifest.xml:9:5-81
21-->[:flutter_local_notifications] AndroidManifest.xml:9:22-78
22    <uses-permission android:name="android.permission.SCHEDULE_EXACT_ALARM" />
22-->[:flutter_local_notifications] AndroidManifest.xml:10:5-79
22-->[:flutter_local_notifications] AndroidManifest.xml:10:22-76
23
24    <queries>
24-->[:file_picker] AndroidManifest.xml:9:5-15:15
25        <intent>
25-->[:file_picker] AndroidManifest.xml:10:9-14:18
26            <action android:name="android.intent.action.GET_CONTENT" />
26-->[:file_picker] AndroidManifest.xml:11:13-72
26-->[:file_picker] AndroidManifest.xml:11:21-69
27
28            <data android:mimeType="*/*" />
28-->[:file_picker] AndroidManifest.xml:13:13-44
28-->[:file_picker] AndroidManifest.xml:13:19-41
29        </intent>
30        <intent>
30-->[:flutter_inappwebview] AndroidManifest.xml:8:9-10:18
31            <action android:name="android.support.customtabs.action.CustomTabsService" />
31-->[:flutter_inappwebview] AndroidManifest.xml:9:13-90
31-->[:flutter_inappwebview] AndroidManifest.xml:9:21-87
32        </intent>
33        <intent>
33-->[:contacts_service] AndroidManifest.xml:12:9-14:18
34            <action android:name="android.accounts.AccountAuthenticator" />
34-->[:contacts_service] AndroidManifest.xml:13:13-76
34-->[:contacts_service] AndroidManifest.xml:13:21-73
35        </intent> <!-- Allows the app to load an icon corresponding to the custom MIME type. -->
36        <intent>
36-->[:contacts_service] AndroidManifest.xml:16:9-23:18
37            <action android:name="android.intent.action.VIEW" />
37-->[:contacts_service] AndroidManifest.xml:17:13-65
37-->[:contacts_service] AndroidManifest.xml:17:21-62
38
39            <data
39-->[:file_picker] AndroidManifest.xml:13:13-44
40                android:host="com.android.contacts"
41                android:mimeType="vnd.android.cursor.item/*"
41-->[:file_picker] AndroidManifest.xml:13:19-41
42                android:scheme="content" />
43        </intent>
44    </queries>
45
46    <uses-permission android:name="android.permission.REQUEST_INSTALL_PACKAGES" />
46-->[:open_file] AndroidManifest.xml:8:5-83
46-->[:open_file] AndroidManifest.xml:8:22-80
47    <uses-permission
47-->[:mobile_number] AndroidManifest.xml:9:5-11:38
48        android:name="android.permission.READ_PHONE_STATE"
48-->[:mobile_number] AndroidManifest.xml:10:9-59
49        android:maxSdkVersion="29" />
49-->[:mobile_number] AndroidManifest.xml:11:9-35
50    <uses-permission android:name="android.permission.READ_PHONE_NUMBERS" />
50-->[:mobile_number] AndroidManifest.xml:12:5-77
50-->[:mobile_number] AndroidManifest.xml:12:22-74
51    <uses-permission android:name="android.permission.USE_BIOMETRIC" />
51-->[androidx.biometric:biometric:1.1.0] AndroidManifest.xml:24:5-72
51-->[androidx.biometric:biometric:1.1.0] AndroidManifest.xml:24:22-69
52    <uses-permission android:name="android.permission.WAKE_LOCK" />
52-->[com.transistorsoft:tsbackgroundfetch:0.5.5] AndroidManifest.xml:12:5-68
52-->[com.transistorsoft:tsbackgroundfetch:0.5.5] AndroidManifest.xml:12:22-65
53    <uses-permission android:name="android.permission.GET_TASKS" /> <!-- Permission will be merged into the manifest of the hosting app. -->
53-->[com.transistorsoft:tsbackgroundfetch:0.5.5] AndroidManifest.xml:14:5-68
53-->[com.transistorsoft:tsbackgroundfetch:0.5.5] AndroidManifest.xml:14:22-65
54    <!-- Is required to launch foreground extraction service for targetSdkVersion 28+. -->
55    <uses-permission android:name="android.permission.FOREGROUND_SERVICE" />
55-->[com.google.android.play:core:1.10.3] AndroidManifest.xml:13:5-77
55-->[com.google.android.play:core:1.10.3] AndroidManifest.xml:13:22-74
56
57    <application
57-->src\main\AndroidManifest.xml:14:4-58:19
58        android:name="androidx.multidex.MultiDexApplication"
59        android:appComponentFactory="androidx.core.app.CoreComponentFactory"
59-->[androidx.core:core:1.7.0] AndroidManifest.xml:24:18-86
60        android:icon="@mipmap/launcher_icon"
60-->src\main\AndroidManifest.xml:19:9-45
61        android:label="Micro gestion"
61-->src\main\AndroidManifest.xml:16:9-38
62        android:requestLegacyExternalStorage="true"
62-->src\main\AndroidManifest.xml:18:11-54
63        android:usesCleartextTraffic="true" >
63-->src\main\AndroidManifest.xml:17:10-45
64        <activity
64-->src\main\AndroidManifest.xml:20:9-48:20
65            android:name="com.ecoplus.gestion.MainActivity"
65-->src\main\AndroidManifest.xml:21:13-41
66            android:configChanges="orientation|keyboardHidden|keyboard|screenSize|smallestScreenSize|locale|layoutDirection|fontScale|screenLayout|density|uiMode"
66-->src\main\AndroidManifest.xml:24:13-163
67            android:hardwareAccelerated="true"
67-->src\main\AndroidManifest.xml:25:13-47
68            android:launchMode="singleTop"
68-->src\main\AndroidManifest.xml:22:13-43
69            android:theme="@style/LaunchTheme"
69-->src\main\AndroidManifest.xml:23:13-47
70            android:windowSoftInputMode="adjustResize" >
70-->src\main\AndroidManifest.xml:26:13-55
71
72            <!--
73                 Specifies an Android theme to apply to this Activity as soon as
74                 the Android process has started. This theme is visible to the user
75                 while the Flutter UI initializes. After that, this theme continues
76                 to determine the Window background behind the Flutter UI.
77            -->
78            <meta-data
78-->src\main\AndroidManifest.xml:31:13-34:17
79                android:name="io.flutter.embedding.android.NormalTheme"
79-->src\main\AndroidManifest.xml:32:15-70
80                android:resource="@style/NormalTheme" />
80-->src\main\AndroidManifest.xml:33:15-52
81            <!--
82                 Displays an Android View that continues showing the launch screen
83                 Drawable until Flutter paints its first frame, then this splash
84                 screen fades out. A splash screen is useful to avoid any visual
85                 gap between the end of Android's launch screen and the painting of
86                 Flutter's first frame.
87            -->
88            <meta-data
88-->src\main\AndroidManifest.xml:40:13-43:17
89                android:name="io.flutter.embedding.android.SplashScreenDrawable"
89-->src\main\AndroidManifest.xml:41:15-79
90                android:resource="@drawable/launch_background" />
90-->src\main\AndroidManifest.xml:42:15-61
91
92            <intent-filter>
92-->src\main\AndroidManifest.xml:44:13-47:29
93                <action android:name="android.intent.action.MAIN" />
93-->src\main\AndroidManifest.xml:45:17-68
93-->src\main\AndroidManifest.xml:45:25-66
94
95                <category android:name="android.intent.category.LAUNCHER" />
95-->src\main\AndroidManifest.xml:46:17-76
95-->src\main\AndroidManifest.xml:46:27-74
96            </intent-filter>
97        </activity>
98        <activity
98-->src\main\AndroidManifest.xml:49:10-52:71
99            android:name="com.yalantis.ucrop.UCropActivity"
99-->src\main\AndroidManifest.xml:50:13-60
100            android:screenOrientation="portrait"
100-->src\main\AndroidManifest.xml:51:13-49
101            android:theme="@style/Theme.AppCompat.Light.NoActionBar" />
101-->src\main\AndroidManifest.xml:52:13-69
102        <!--
103             Don't delete the meta-data below.
104             This is used by the Flutter tool to generate GeneratedPluginRegistrant.java
105        -->
106        <meta-data
106-->src\main\AndroidManifest.xml:55:9-57:33
107            android:name="flutterEmbedding"
107-->src\main\AndroidManifest.xml:56:13-44
108            android:value="2" />
108-->src\main\AndroidManifest.xml:57:13-30
109
110        <service
110-->[:firebase_auth] AndroidManifest.xml:8:9-12:19
111            android:name="com.google.firebase.components.ComponentDiscoveryService"
111-->[:firebase_auth] AndroidManifest.xml:8:18-89
112            android:directBootAware="true"
112-->[com.google.firebase:firebase-common:20.1.1] AndroidManifest.xml:35:13-43
113            android:exported="false" >
113-->[com.google.firebase:firebase-auth:21.0.3] AndroidManifest.xml:66:13-37
114            <meta-data
114-->[:firebase_auth] AndroidManifest.xml:9:13-11:85
115                android:name="com.google.firebase.components:io.flutter.plugins.firebase.auth.FlutterFirebaseAuthRegistrar"
115-->[:firebase_auth] AndroidManifest.xml:10:17-124
116                android:value="com.google.firebase.components.ComponentRegistrar" />
116-->[:firebase_auth] AndroidManifest.xml:11:17-82
117            <meta-data
117-->[:firebase_core] AndroidManifest.xml:9:13-11:85
118                android:name="com.google.firebase.components:io.flutter.plugins.firebase.core.FlutterFirebaseCoreRegistrar"
118-->[:firebase_core] AndroidManifest.xml:10:17-124
119                android:value="com.google.firebase.components.ComponentRegistrar" />
119-->[:firebase_core] AndroidManifest.xml:11:17-82
120            <meta-data
120-->[com.google.firebase:firebase-auth:21.0.3] AndroidManifest.xml:67:13-69:85
121                android:name="com.google.firebase.components:com.google.firebase.auth.FirebaseAuthRegistrar"
121-->[com.google.firebase:firebase-auth:21.0.3] AndroidManifest.xml:68:17-109
122                android:value="com.google.firebase.components.ComponentRegistrar" />
122-->[com.google.firebase:firebase-auth:21.0.3] AndroidManifest.xml:69:17-82
123        </service>
124
125        <provider
125-->[:image_picker] AndroidManifest.xml:8:9-16:20
126            android:name="io.flutter.plugins.imagepicker.ImagePickerFileProvider"
126-->[:image_picker] AndroidManifest.xml:9:13-82
127            android:authorities="com.demo.accountingapp.flutter.image_provider"
127-->[:image_picker] AndroidManifest.xml:10:13-74
128            android:exported="false"
128-->[:image_picker] AndroidManifest.xml:11:13-37
129            android:grantUriPermissions="true" >
129-->[:image_picker] AndroidManifest.xml:12:13-47
130            <meta-data
130-->[:image_picker] AndroidManifest.xml:13:13-15:75
131                android:name="android.support.FILE_PROVIDER_PATHS"
131-->[:image_picker] AndroidManifest.xml:14:17-67
132                android:resource="@xml/flutter_image_picker_file_paths" />
132-->[:image_picker] AndroidManifest.xml:15:17-72
133        </provider>
134
135        <receiver
135-->[:flutter_local_notifications] AndroidManifest.xml:13:9-15:40
136            android:name="com.dexterous.flutterlocalnotifications.ScheduledNotificationReceiver"
136-->[:flutter_local_notifications] AndroidManifest.xml:14:13-97
137            android:exported="false" />
137-->[:flutter_local_notifications] AndroidManifest.xml:15:13-37
138        <receiver
138-->[:flutter_local_notifications] AndroidManifest.xml:16:9-25:20
139            android:name="com.dexterous.flutterlocalnotifications.ScheduledNotificationBootReceiver"
139-->[:flutter_local_notifications] AndroidManifest.xml:17:13-101
140            android:exported="false" >
140-->[:flutter_local_notifications] AndroidManifest.xml:18:13-37
141            <intent-filter>
141-->[:flutter_local_notifications] AndroidManifest.xml:19:13-24:29
142                <action android:name="android.intent.action.BOOT_COMPLETED" />
142-->[:flutter_local_notifications] AndroidManifest.xml:20:17-79
142-->[:flutter_local_notifications] AndroidManifest.xml:20:25-76
143                <action android:name="android.intent.action.MY_PACKAGE_REPLACED" />
143-->[:flutter_local_notifications] AndroidManifest.xml:21:17-84
143-->[:flutter_local_notifications] AndroidManifest.xml:21:25-81
144                <action android:name="android.intent.action.QUICKBOOT_POWERON" />
144-->[:flutter_local_notifications] AndroidManifest.xml:22:17-82
144-->[:flutter_local_notifications] AndroidManifest.xml:22:25-79
145                <action android:name="com.htc.intent.action.QUICKBOOT_POWERON" />
145-->[:flutter_local_notifications] AndroidManifest.xml:23:17-82
145-->[:flutter_local_notifications] AndroidManifest.xml:23:25-79
146            </intent-filter>
147        </receiver>
148
149        <activity
149-->[:flutter_inappwebview] AndroidManifest.xml:14:9-18:47
150            android:name="com.pichillilorenzo.flutter_inappwebview.in_app_browser.InAppBrowserActivity"
150-->[:flutter_inappwebview] AndroidManifest.xml:15:13-104
151            android:configChanges="orientation|keyboardHidden|keyboard|screenSize|locale|layoutDirection|fontScale|screenLayout|density"
151-->[:flutter_inappwebview] AndroidManifest.xml:16:13-137
152            android:exported="true"
152-->[:flutter_inappwebview] AndroidManifest.xml:17:13-36
153            android:theme="@style/AppTheme" />
153-->[:flutter_inappwebview] AndroidManifest.xml:18:13-44
154        <activity
154-->[:flutter_inappwebview] AndroidManifest.xml:19:9-22:55
155            android:name="com.pichillilorenzo.flutter_inappwebview.chrome_custom_tabs.ChromeCustomTabsActivity"
155-->[:flutter_inappwebview] AndroidManifest.xml:20:13-112
156            android:exported="true"
156-->[:flutter_inappwebview] AndroidManifest.xml:21:13-36
157            android:theme="@style/ThemeTransparent" />
157-->[:flutter_inappwebview] AndroidManifest.xml:22:13-52
158        <activity
158-->[:flutter_inappwebview] AndroidManifest.xml:23:9-26:55
159            android:name="com.pichillilorenzo.flutter_inappwebview.chrome_custom_tabs.TrustedWebActivity"
159-->[:flutter_inappwebview] AndroidManifest.xml:24:13-106
160            android:exported="true"
160-->[:flutter_inappwebview] AndroidManifest.xml:25:13-36
161            android:theme="@style/ThemeTransparent" />
161-->[:flutter_inappwebview] AndroidManifest.xml:26:13-52
162        <activity
162-->[:flutter_inappwebview] AndroidManifest.xml:27:9-31:55
163            android:name="com.pichillilorenzo.flutter_inappwebview.chrome_custom_tabs.ChromeCustomTabsActivitySingleInstance"
163-->[:flutter_inappwebview] AndroidManifest.xml:28:13-126
164            android:exported="true"
164-->[:flutter_inappwebview] AndroidManifest.xml:29:13-36
165            android:launchMode="singleInstance"
165-->[:flutter_inappwebview] AndroidManifest.xml:30:13-48
166            android:theme="@style/ThemeTransparent" />
166-->[:flutter_inappwebview] AndroidManifest.xml:31:13-52
167        <activity
167-->[:flutter_inappwebview] AndroidManifest.xml:32:9-36:55
168            android:name="com.pichillilorenzo.flutter_inappwebview.chrome_custom_tabs.TrustedWebActivitySingleInstance"
168-->[:flutter_inappwebview] AndroidManifest.xml:33:13-120
169            android:exported="true"
169-->[:flutter_inappwebview] AndroidManifest.xml:34:13-36
170            android:launchMode="singleInstance"
170-->[:flutter_inappwebview] AndroidManifest.xml:35:13-48
171            android:theme="@style/ThemeTransparent" />
171-->[:flutter_inappwebview] AndroidManifest.xml:36:13-52
172
173        <receiver
173-->[:flutter_inappwebview] AndroidManifest.xml:38:9-41:40
174            android:name="com.pichillilorenzo.flutter_inappwebview.chrome_custom_tabs.ActionBroadcastReceiver"
174-->[:flutter_inappwebview] AndroidManifest.xml:39:13-111
175            android:enabled="true"
175-->[:flutter_inappwebview] AndroidManifest.xml:40:13-35
176            android:exported="false" />
176-->[:flutter_inappwebview] AndroidManifest.xml:41:13-37
177
178        <meta-data
178-->[:flutter_inappwebview] AndroidManifest.xml:43:9-45:36
179            android:name="io.flutter.embedded_views_preview"
179-->[:flutter_inappwebview] AndroidManifest.xml:44:13-61
180            android:value="true" />
180-->[:flutter_inappwebview] AndroidManifest.xml:45:13-33
181
182        <provider
182-->[:share] AndroidManifest.xml:8:9-16:20
183            android:name="io.flutter.plugins.share.ShareFileProvider"
183-->[:share] AndroidManifest.xml:9:13-70
184            android:authorities="com.demo.accountingapp.flutter.share_provider"
184-->[:share] AndroidManifest.xml:10:13-74
185            android:exported="false"
185-->[:share] AndroidManifest.xml:11:13-37
186            android:grantUriPermissions="true" >
186-->[:share] AndroidManifest.xml:12:13-47
187            <meta-data
187-->[:image_picker] AndroidManifest.xml:13:13-15:75
188                android:name="android.support.FILE_PROVIDER_PATHS"
188-->[:image_picker] AndroidManifest.xml:14:17-67
189                android:resource="@xml/flutter_share_file_paths" />
189-->[:image_picker] AndroidManifest.xml:15:17-72
190        </provider>
191        <provider
191-->[:flutter_mailer] AndroidManifest.xml:8:9-16:20
192            android:name="com.dataxad.flutter_mailer.FlutterMailerFileProvider"
192-->[:flutter_mailer] AndroidManifest.xml:9:13-80
193            android:authorities="com.demo.accountingapp.adv_provider"
193-->[:flutter_mailer] AndroidManifest.xml:10:13-64
194            android:exported="false"
194-->[:flutter_mailer] AndroidManifest.xml:11:13-37
195            android:grantUriPermissions="true" >
195-->[:flutter_mailer] AndroidManifest.xml:12:13-47
196            <meta-data
196-->[:image_picker] AndroidManifest.xml:13:13-15:75
197                android:name="android.support.FILE_PROVIDER_PATHS"
197-->[:image_picker] AndroidManifest.xml:14:17-67
198                android:resource="@xml/flutter_mailer_paths" />
198-->[:image_picker] AndroidManifest.xml:15:17-72
199        </provider>
200        <provider
200-->[:printing] AndroidManifest.xml:8:9-16:20
201            android:name="net.nfet.flutter.printing.PrintFileProvider"
201-->[:printing] AndroidManifest.xml:9:13-71
202            android:authorities="com.demo.accountingapp.flutter.printing"
202-->[:printing] AndroidManifest.xml:10:13-68
203            android:exported="false"
203-->[:printing] AndroidManifest.xml:11:13-37
204            android:grantUriPermissions="true" >
204-->[:printing] AndroidManifest.xml:12:13-47
205            <meta-data
205-->[:image_picker] AndroidManifest.xml:13:13-15:75
206                android:name="android.support.FILE_PROVIDER_PATHS"
206-->[:image_picker] AndroidManifest.xml:14:17-67
207                android:resource="@xml/flutter_printing_file_paths" />
207-->[:image_picker] AndroidManifest.xml:15:17-72
208        </provider>
209        <provider
209-->[:open_file] AndroidManifest.xml:12:9-21:20
210            android:name="com.crazecoder.openfile.FileProvider"
210-->[:open_file] AndroidManifest.xml:13:13-64
211            android:authorities="com.demo.accountingapp.fileProvider.com.crazecoder.openfile"
211-->[:open_file] AndroidManifest.xml:14:13-88
212            android:exported="false"
212-->[:open_file] AndroidManifest.xml:15:13-37
213            android:grantUriPermissions="true" >
213-->[:open_file] AndroidManifest.xml:16:13-47
214            <meta-data
214-->[:image_picker] AndroidManifest.xml:13:13-15:75
215                android:name="android.support.FILE_PROVIDER_PATHS"
215-->[:image_picker] AndroidManifest.xml:14:17-67
216                android:resource="@xml/filepaths" />
216-->[:image_picker] AndroidManifest.xml:15:17-72
217        </provider>
218
219        <activity
219-->[:url_launcher] AndroidManifest.xml:8:9-11:74
220            android:name="io.flutter.plugins.urllauncher.WebViewActivity"
220-->[:url_launcher] AndroidManifest.xml:9:13-74
221            android:exported="false"
221-->[:url_launcher] AndroidManifest.xml:10:13-37
222            android:theme="@android:style/Theme.NoTitleBar.Fullscreen" />
222-->[:url_launcher] AndroidManifest.xml:11:13-71
223        <activity
223-->[com.google.firebase:firebase-auth:21.0.3] AndroidManifest.xml:27:9-44:20
224            android:name="com.google.firebase.auth.internal.GenericIdpActivity"
224-->[com.google.firebase:firebase-auth:21.0.3] AndroidManifest.xml:28:13-80
225            android:excludeFromRecents="true"
225-->[com.google.firebase:firebase-auth:21.0.3] AndroidManifest.xml:29:13-46
226            android:exported="true"
226-->[com.google.firebase:firebase-auth:21.0.3] AndroidManifest.xml:30:13-36
227            android:launchMode="singleTask"
227-->[com.google.firebase:firebase-auth:21.0.3] AndroidManifest.xml:31:13-44
228            android:theme="@android:style/Theme.Translucent.NoTitleBar" >
228-->[com.google.firebase:firebase-auth:21.0.3] AndroidManifest.xml:32:13-72
229            <intent-filter>
229-->[com.google.firebase:firebase-auth:21.0.3] AndroidManifest.xml:33:13-43:29
230                <action android:name="android.intent.action.VIEW" />
230-->[:contacts_service] AndroidManifest.xml:17:13-65
230-->[:contacts_service] AndroidManifest.xml:17:21-62
231
232                <category android:name="android.intent.category.DEFAULT" />
232-->[com.google.firebase:firebase-auth:21.0.3] AndroidManifest.xml:36:17-76
232-->[com.google.firebase:firebase-auth:21.0.3] AndroidManifest.xml:36:27-73
233                <category android:name="android.intent.category.BROWSABLE" />
233-->[com.google.firebase:firebase-auth:21.0.3] AndroidManifest.xml:37:17-78
233-->[com.google.firebase:firebase-auth:21.0.3] AndroidManifest.xml:37:27-75
234
235                <data
235-->[:file_picker] AndroidManifest.xml:13:13-44
236                    android:host="firebase.auth"
237                    android:path="/"
238                    android:scheme="genericidp" />
239            </intent-filter>
240        </activity>
241        <activity
241-->[com.google.firebase:firebase-auth:21.0.3] AndroidManifest.xml:45:9-62:20
242            android:name="com.google.firebase.auth.internal.RecaptchaActivity"
242-->[com.google.firebase:firebase-auth:21.0.3] AndroidManifest.xml:46:13-79
243            android:excludeFromRecents="true"
243-->[com.google.firebase:firebase-auth:21.0.3] AndroidManifest.xml:47:13-46
244            android:exported="true"
244-->[com.google.firebase:firebase-auth:21.0.3] AndroidManifest.xml:48:13-36
245            android:launchMode="singleTask"
245-->[com.google.firebase:firebase-auth:21.0.3] AndroidManifest.xml:49:13-44
246            android:theme="@android:style/Theme.Translucent.NoTitleBar" >
246-->[com.google.firebase:firebase-auth:21.0.3] AndroidManifest.xml:50:13-72
247            <intent-filter>
247-->[com.google.firebase:firebase-auth:21.0.3] AndroidManifest.xml:51:13-61:29
248                <action android:name="android.intent.action.VIEW" />
248-->[:contacts_service] AndroidManifest.xml:17:13-65
248-->[:contacts_service] AndroidManifest.xml:17:21-62
249
250                <category android:name="android.intent.category.DEFAULT" />
250-->[com.google.firebase:firebase-auth:21.0.3] AndroidManifest.xml:36:17-76
250-->[com.google.firebase:firebase-auth:21.0.3] AndroidManifest.xml:36:27-73
251                <category android:name="android.intent.category.BROWSABLE" />
251-->[com.google.firebase:firebase-auth:21.0.3] AndroidManifest.xml:37:17-78
251-->[com.google.firebase:firebase-auth:21.0.3] AndroidManifest.xml:37:27-75
252
253                <data
253-->[:file_picker] AndroidManifest.xml:13:13-44
254                    android:host="firebase.auth"
255                    android:path="/"
256                    android:scheme="recaptcha" />
257            </intent-filter>
258        </activity>
259
260        <provider
260-->[com.google.firebase:firebase-common:20.1.1] AndroidManifest.xml:26:9-31:39
261            android:name="com.google.firebase.provider.FirebaseInitProvider"
261-->[com.google.firebase:firebase-common:20.1.1] AndroidManifest.xml:27:13-77
262            android:authorities="com.demo.accountingapp.firebaseinitprovider"
262-->[com.google.firebase:firebase-common:20.1.1] AndroidManifest.xml:28:13-72
263            android:directBootAware="true"
263-->[com.google.firebase:firebase-common:20.1.1] AndroidManifest.xml:29:13-43
264            android:exported="false"
264-->[com.google.firebase:firebase-common:20.1.1] AndroidManifest.xml:30:13-37
265            android:initOrder="100" />
265-->[com.google.firebase:firebase-common:20.1.1] AndroidManifest.xml:31:13-36
266        <provider
266-->[com.sangcomz:FishBun:0.11.2] AndroidManifest.xml:12:9-20:20
267            android:name="com.sangcomz.fishbun.FishBunFileProvider"
267-->[com.sangcomz:FishBun:0.11.2] AndroidManifest.xml:13:13-68
268            android:authorities="com.demo.accountingapp.fishbunfileprovider"
268-->[com.sangcomz:FishBun:0.11.2] AndroidManifest.xml:14:13-71
269            android:exported="false"
269-->[com.sangcomz:FishBun:0.11.2] AndroidManifest.xml:15:13-37
270            android:grantUriPermissions="true" >
270-->[com.sangcomz:FishBun:0.11.2] AndroidManifest.xml:16:13-47
271            <meta-data
271-->[:image_picker] AndroidManifest.xml:13:13-15:75
272                android:name="android.support.FILE_PROVIDER_PATHS"
272-->[:image_picker] AndroidManifest.xml:14:17-67
273                android:resource="@xml/provider_paths" />
273-->[:image_picker] AndroidManifest.xml:15:17-72
274        </provider>
275
276        <activity
276-->[com.sangcomz:FishBun:0.11.2] AndroidManifest.xml:22:9-25:51
277            android:name="com.sangcomz.fishbun.ui.album.AlbumActivity"
277-->[com.sangcomz:FishBun:0.11.2] AndroidManifest.xml:23:13-71
278            android:label="@string/album"
278-->[com.sangcomz:FishBun:0.11.2] AndroidManifest.xml:24:13-42
279            android:theme="@style/FishBunTheme" />
279-->[com.sangcomz:FishBun:0.11.2] AndroidManifest.xml:25:13-48
280        <activity
280-->[com.sangcomz:FishBun:0.11.2] AndroidManifest.xml:26:9-28:51
281            android:name="com.sangcomz.fishbun.ui.picker.PickerActivity"
281-->[com.sangcomz:FishBun:0.11.2] AndroidManifest.xml:27:13-73
282            android:theme="@style/FishBunTheme" />
282-->[com.sangcomz:FishBun:0.11.2] AndroidManifest.xml:28:13-48
283        <activity
283-->[com.sangcomz:FishBun:0.11.2] AndroidManifest.xml:29:9-31:54
284            android:name="com.sangcomz.fishbun.ui.detail.DetailActivity"
284-->[com.sangcomz:FishBun:0.11.2] AndroidManifest.xml:30:13-73
285            android:theme="@style/DetailViewTheme" />
285-->[com.sangcomz:FishBun:0.11.2] AndroidManifest.xml:31:13-51
286        <activity
286-->[com.google.android.gms:play-services-auth:16.0.1] AndroidManifest.xml:23:9-27:75
287            android:name="com.google.android.gms.auth.api.signin.internal.SignInHubActivity"
287-->[com.google.android.gms:play-services-auth:16.0.1] AndroidManifest.xml:24:13-93
288            android:excludeFromRecents="true"
288-->[com.google.android.gms:play-services-auth:16.0.1] AndroidManifest.xml:25:13-46
289            android:exported="false"
289-->[com.google.android.gms:play-services-auth:16.0.1] AndroidManifest.xml:26:13-37
290            android:theme="@android:style/Theme.Translucent.NoTitleBar" />
290-->[com.google.android.gms:play-services-auth:16.0.1] AndroidManifest.xml:27:13-72
291        <!--
292            Service handling Google Sign-In user revocation. For apps that do not integrate with
293            Google Sign-In, this service will never be started.
294        -->
295        <service
295-->[com.google.android.gms:play-services-auth:16.0.1] AndroidManifest.xml:33:9-36:110
296            android:name="com.google.android.gms.auth.api.signin.RevocationBoundService"
296-->[com.google.android.gms:play-services-auth:16.0.1] AndroidManifest.xml:34:13-89
297            android:exported="true"
297-->[com.google.android.gms:play-services-auth:16.0.1] AndroidManifest.xml:35:13-36
298            android:permission="com.google.android.gms.auth.api.signin.permission.REVOCATION_NOTIFICATION" />
298-->[com.google.android.gms:play-services-auth:16.0.1] AndroidManifest.xml:36:13-107
299
300        <activity
300-->[com.google.android.gms:play-services-base:17.1.0] AndroidManifest.xml:23:9-26:75
301            android:name="com.google.android.gms.common.api.GoogleApiActivity"
301-->[com.google.android.gms:play-services-base:17.1.0] AndroidManifest.xml:24:13-79